<?xml version="1.0" encoding="UTF-8"?>
<!-- Generated by org.testng.reporters.JUnitReportReporter -->
<testsuite skipped="0" hostname="DESKTOP-O4QRLB7" name="pajeObject.OrangeTest" tests="1" failures="0" timestamp="22 Jan 2019 03:54:13 GMT" time="6.514" errors="0">
  <testcase name="negativeLogin" time="6.514" classname="pajeObject.OrangeTest"/>
</testsuite> <!-- pajeObject.OrangeTest -->
