<?xml version="1.0" encoding="UTF-8"?>
<!-- Generated by org.testng.reporters.JUnitReportReporter -->
<testsuite skipped="0" hostname="DESKTOP-O4QRLB7" name="pageObject.OrangeTest" tests="1" failures="0" timestamp="22 Jan 2019 21:08:55 GMT" time="5.519" errors="0">
  <testcase name="negativeLogin" time="5.519" classname="pageObject.OrangeTest"/>
</testsuite> <!-- pageObject.OrangeTest -->
