<?xml version="1.0" encoding="UTF-8"?>
<!-- Generated by org.testng.reporters.JUnitReportReporter -->
<testsuite skipped="0" hostname="DESKTOP-O4QRLB7" name="others.Multi" tests="1" failures="0" timestamp="22 Jan 2019 21:08:55 GMT" time="0.006" errors="0">
  <testcase name="test" time="0.006" classname="others.Multi"/>
</testsuite> <!-- others.Multi -->
