<?xml version="1.0" encoding="UTF-8"?>
<!-- Generated by org.testng.reporters.JUnitReportReporter -->
<testsuite skipped="0" hostname="DESKTOP-O4QRLB7" name="pageObject.OrangeAdmin" tests="2" failures="0" timestamp="22 Jan 2019 21:08:55 GMT" time="22.743" errors="0">
  <testcase name="aloginVerification" time="10.880" classname="pageObject.OrangeAdmin"/>
  <testcase name="jobTitleVerification" time="11.863" classname="pageObject.OrangeAdmin"/>
</testsuite> <!-- pageObject.OrangeAdmin -->
