<?xml version="1.0" encoding="UTF-8"?>
<!-- Generated by org.testng.reporters.JUnitReportReporter -->
<testsuite skipped="0" hostname="DESKTOP-O4QRLB7" name="utlities.hereUp" tests="2" failures="0" timestamp="22 Jan 2019 22:43:14 GMT" time="0.000" errors="0">
  <testcase name="elebele" time="0.000" classname="utlities.hereUp"/>
  <testcase name="heriqaqas" time="0.000" classname="utlities.hereUp"/>
</testsuite> <!-- utlities.hereUp -->
